<?xml version="1.0" encoding="UTF-8"?>
<testng-results ignored="0" total="2" passed="2" failed="0" skipped="0">
  <reporter-output>
  </reporter-output>
  <suite started-at="2022-12-19T18:54:56 IST" name="Default suite" finished-at="2022-12-19T18:55:04 IST" duration-ms="8201">
    <groups>
    </groups>
    <test started-at="2022-12-19T18:54:56 IST" name="Default test" finished-at="2022-12-19T18:55:04 IST" duration-ms="8201">
      <class name="webelement.LoginOrangeHRM">
        <test-method is-config="true" signature="setup()[pri:0, instance:webelement.LoginOrangeHRM@3059cbc]" started-at="2022-12-19T18:54:56 IST" name="setup" finished-at="2022-12-19T18:54:56 IST" duration-ms="6" status="PASS">
          <reporter-output>
          </reporter-output>
        </test-method> <!-- setup -->
        <test-method is-config="true" signature="launch()[pri:0, instance:webelement.LoginOrangeHRM@3059cbc]" started-at="2022-12-19T18:54:56 IST" name="launch" finished-at="2022-12-19T18:54:58 IST" duration-ms="1635" status="PASS">
          <reporter-output>
          </reporter-output>
        </test-method> <!-- launch -->
        <test-method is-config="true" signature="url()[pri:0, instance:webelement.LoginOrangeHRM@3059cbc]" started-at="2022-12-19T18:54:58 IST" name="url" finished-at="2022-12-19T18:55:01 IST" duration-ms="2816" status="PASS">
          <reporter-output>
          </reporter-output>
        </test-method> <!-- url -->
        <test-method is-config="true" signature="waitForPage()[pri:0, instance:webelement.LoginOrangeHRM@3059cbc]" started-at="2022-12-19T18:55:01 IST" name="waitForPage" finished-at="2022-12-19T18:55:01 IST" duration-ms="6" status="PASS">
          <reporter-output>
          </reporter-output>
        </test-method> <!-- waitForPage -->
        <test-method signature="login()[pri:0, instance:webelement.LoginOrangeHRM@3059cbc]" started-at="2022-12-19T18:55:01 IST" name="login" finished-at="2022-12-19T18:55:01 IST" duration-ms="676" status="PASS">
          <reporter-output>
          </reporter-output>
        </test-method> <!-- login -->
        <test-method is-config="true" signature="waitForPage()[pri:0, instance:webelement.LoginOrangeHRM@3059cbc]" started-at="2022-12-19T18:55:01 IST" name="waitForPage" finished-at="2022-12-19T18:55:01 IST" duration-ms="5" status="PASS">
          <reporter-output>
          </reporter-output>
        </test-method> <!-- waitForPage -->
        <test-method signature="adminPage()[pri:1, instance:webelement.LoginOrangeHRM@3059cbc]" started-at="2022-12-19T18:55:01 IST" name="adminPage" finished-at="2022-12-19T18:55:04 IST" duration-ms="3028" status="PASS">
          <reporter-output>
          </reporter-output>
        </test-method> <!-- adminPage -->
        <test-method is-config="true" signature="report()[pri:0, instance:webelement.LoginOrangeHRM@3059cbc]" started-at="2022-12-19T18:55:04 IST" name="report" finished-at="2022-12-19T18:55:04 IST" duration-ms="0" status="PASS">
          <reporter-output>
          </reporter-output>
        </test-method> <!-- report -->
      </class> <!-- webelement.LoginOrangeHRM -->
    </test> <!-- Default test -->
  </suite> <!-- Default suite -->
</testng-results>
